c:\users\kl5na\source\repos\project2\project2\x64\debug\vc143.pdb
c:\users\kl5na\source\repos\project2\project2\x64\debug\vc143.idb
c:\users\kl5na\source\repos\project2\project2\x64\debug\ruchlosowy.obj
c:\users\kl5na\source\repos\project2\project2\x64\debug\ruchgracza.obj
c:\users\kl5na\source\repos\project2\project2\x64\debug\projekt_semestralny_mucha.obj
c:\users\kl5na\source\repos\project2\project2\x64\debug\plansza.obj
c:\users\kl5na\source\repos\project2\project2\x64\debug\obslugagry.obj
c:\users\kl5na\source\repos\project2\project2\x64\debug\kulka.obj
c:\users\kl5na\source\repos\project2\project2\x64\debug\bazadanych.obj
c:\users\kl5na\source\repos\project2\x64\debug\project2.exe
c:\users\kl5na\source\repos\project2\x64\debug\project2.pdb
c:\users\kl5na\source\repos\project2\project2\x64\debug\project2.ilk
c:\users\kl5na\source\repos\project2\project2\x64\debug\project2.tlog\cl.command.1.tlog
c:\users\kl5na\source\repos\project2\project2\x64\debug\project2.tlog\cl.items.tlog
c:\users\kl5na\source\repos\project2\project2\x64\debug\project2.tlog\cl.read.1.tlog
c:\users\kl5na\source\repos\project2\project2\x64\debug\project2.tlog\cl.write.1.tlog
c:\users\kl5na\source\repos\project2\project2\x64\debug\project2.tlog\link.command.1.tlog
c:\users\kl5na\source\repos\project2\project2\x64\debug\project2.tlog\link.read.1.tlog
c:\users\kl5na\source\repos\project2\project2\x64\debug\project2.tlog\link.secondary.1.tlog
c:\users\kl5na\source\repos\project2\project2\x64\debug\project2.tlog\link.write.1.tlog
